2015/11/23 22:51:30 jonaldislarry (45181)> status
2015/11/23 22:51:30 jonaldislarry (45181)> status exited 0 after 0.09 seconds
2015/11/23 22:51:34 jonaldislarry (45203)> add test.txt
2015/11/23 22:51:34 jonaldislarry (45203)> add test.txt exited 0 after 0.09 seconds
2015/11/23 22:51:36 jonaldislarry (45221)> commit
2015/11/23 22:51:36 jonaldislarry (45221)> commit exited -1 after 0.80 seconds
2015/11/23 22:52:23 jonaldislarry (45358)> commit -m 'first commit'
2015/11/23 22:52:23 jonaldislarry (45358)> updated served branch cache in 0.0003 seconds
2015/11/23 22:52:23 jonaldislarry (45358)> wrote served branch cache with 1 labels and 1 nodes
2015/11/23 22:52:23 jonaldislarry (45358)> commit -m 'first commit' exited 0 after 0.13 seconds
2015/11/23 22:52:34 jonaldislarry (45391)> status
2015/11/23 22:52:34 jonaldislarry (45391)> status exited 0 after 0.08 seconds
2015/11/23 22:52:37 jonaldislarry (45413)> sl
2015/11/23 22:52:37 jonaldislarry (45413)> writing .hg/cache/tags2-visible-directaccess-warn with 0 tags
2015/11/23 22:52:37 jonaldislarry (45413)> sl exited 0 after 0.10 seconds
2015/11/23 22:53:06 jonaldislarry (45472)> status
2015/11/23 22:53:06 jonaldislarry (45472)> status exited 0 after 0.10 seconds
2015/11/23 22:53:08 jonaldislarry (45495)> add test.txt
2015/11/23 22:53:08 jonaldislarry (45495)> add test.txt exited 0 after 0.09 seconds
2015/11/23 22:53:20 jonaldislarry (45526)> commit -m 'second commit'
2015/11/23 22:53:20 jonaldislarry (45526)> updated served branch cache in 0.0005 seconds
2015/11/23 22:53:20 jonaldislarry (45526)> wrote served branch cache with 1 labels and 1 nodes
2015/11/23 22:53:20 jonaldislarry (45526)> commit -m 'second commit' exited 0 after 0.11 seconds
2015/11/23 22:57:51 jonaldislarry (46484)> push
2015/11/23 22:57:51 jonaldislarry (46484)> push exited -1 after 0.10 seconds
2015/11/23 23:01:07 jonaldislarry (46819)> config -e
2015/11/23 23:01:20 jonaldislarry (46819)> config -e exited 0 after 12.17 seconds
2016/05/06 18:20:22 most @c1c235283cb0e497d9dbedc4a9fe45966d96fa8c (76108)> log
2016/05/06 18:20:22 most @c1c235283cb0e497d9dbedc4a9fe45966d96fa8c (76108)> writing .hg/cache/tags2-visible-directaccess-nowarn with 0 tags
2016/05/06 18:20:22 most @c1c235283cb0e497d9dbedc4a9fe45966d96fa8c (76108)> log exited 0 after 0.13 seconds
2016/05/06 18:21:03 most @c1c235283cb0e497d9dbedc4a9fe45966d96fa8c (76370)> status
2016/05/06 18:21:03 most @c1c235283cb0e497d9dbedc4a9fe45966d96fa8c (76370)> status exited 0 after 0.13 seconds
2016/05/06 18:21:15 most @c1c235283cb0e497d9dbedc4a9fe45966d96fa8c (76449)> add .arcconfig
2016/05/06 18:21:15 most @c1c235283cb0e497d9dbedc4a9fe45966d96fa8c (76449)> add .arcconfig exited 0 after 0.12 seconds
2016/05/06 18:21:21 most @c1c235283cb0e497d9dbedc4a9fe45966d96fa8c (76521)> status
2016/05/06 18:21:21 most @c1c235283cb0e497d9dbedc4a9fe45966d96fa8c (76521)> status exited 0 after 0.12 seconds
2016/05/06 18:21:36 most @c1c235283cb0e497d9dbedc4a9fe45966d96fa8c (76614)> status
2016/05/06 18:21:36 most @c1c235283cb0e497d9dbedc4a9fe45966d96fa8c (76614)> status exited 0 after 0.12 seconds
2016/05/06 18:21:43 most @c1c235283cb0e497d9dbedc4a9fe45966d96fa8c (76670)> status
2016/05/06 18:21:43 most @c1c235283cb0e497d9dbedc4a9fe45966d96fa8c (76670)> status exited 0 after 0.13 seconds
2016/05/06 18:21:54 most @c1c235283cb0e497d9dbedc4a9fe45966d96fa8c (76734)> log
2016/05/06 18:21:54 most @c1c235283cb0e497d9dbedc4a9fe45966d96fa8c (76734)> log exited 0 after 0.12 seconds
2016/05/06 18:22:17 most @c1c235283cb0e497d9dbedc4a9fe45966d96fa8c (76839)> commit -m 'add .arcconfig to select mercurial compare default'
2016/05/06 18:22:17 most @c1c235283cb0e497d9dbedc4a9fe45966d96fa8c (76839)> updated served branch cache in 0.0009 seconds
2016/05/06 18:22:17 most @c1c235283cb0e497d9dbedc4a9fe45966d96fa8c (76839)> wrote served branch cache with 1 labels and 1 nodes
2016/05/06 18:22:17 most @a570d5d57a44040a0ebd0de9eb542d3d2bec252b (76839)> commit -m 'add .arcconfig to select mercurial compare default' exited 0 after 0.15 seconds
2016/05/06 18:22:45 most @a570d5d57a44040a0ebd0de9eb542d3d2bec252b (77070)> log
2016/05/06 18:22:45 most @a570d5d57a44040a0ebd0de9eb542d3d2bec252b (77070)> writing .hg/cache/tags2-visible-directaccess-nowarn with 0 tags
2016/05/06 18:22:45 most @a570d5d57a44040a0ebd0de9eb542d3d2bec252b (77070)> log exited 0 after 0.12 seconds
2016/05/06 18:22:50 most @a570d5d57a44040a0ebd0de9eb542d3d2bec252b (77138)> status
2016/05/06 18:22:50 most @a570d5d57a44040a0ebd0de9eb542d3d2bec252b (77138)> status exited 0 after 0.11 seconds
